[1019/224216.356:ERROR:process_memory_win.cc(73)] ReadMemory at 0x14de63d0810 of 72 bytes failed: 仅完成部分的 ReadProcessMemory 或 WriteProcessMemory 请求。 (0x12B)
[1019/224216.356:WARNING:pe_image_annotations_reader.cc(134)] could not read annotations list object in C:\Program Files (x86)\Google\Chrome\Application\77.0.3865.120\chrome_elf.dll
[1019/224216.356:ERROR:process_memory_win.cc(73)] ReadMemory at 0x14de6756620 of 72 bytes failed: 仅完成部分的 ReadProcessMemory 或 WriteProcessMemory 请求。 (0x12B)
[1019/224216.356:WARNING:pe_image_annotations_reader.cc(134)] could not read annotations list object in C:\Program Files (x86)\Google\Chrome\Application\77.0.3865.120\chrome_child.dll
[1019/224216.356:ERROR:process_memory_win.cc(73)] ReadMemory at 0x14de63d0810 of 72 bytes failed: 仅完成部分的 ReadProcessMemory 或 WriteProcessMemory 请求。 (0x12B)
[1019/224216.636:WARNING:pe_image_annotations_reader.cc(134)] could not read annotations list object in C:\Program Files (x86)\Google\Chrome\Application\77.0.3865.120\chrome_elf.dll
[1019/224216.636:ERROR:process_memory_win.cc(73)] ReadMemory at 0x7ffc30cb0000 of 64 bytes failed: 仅完成部分的 ReadProcessMemory 或 WriteProcessMemory 请求。 (0x12B)
[1019/224216.636:WARNING:pe_image_reader.cc(340)] could not read dos header from C:\WINDOWS\SYSTEM32\VERSION.dll
[1019/224216.636:ERROR:process_memory_win.cc(73)] ReadMemory at 0x7ffc3e070000 of 64 bytes failed: 仅完成部分的 ReadProcessMemory 或 WriteProcessMemory 请求。 (0x12B)
[1019/224216.636:WARNING:pe_image_reader.cc(340)] could not read dos header from C:\WINDOWS\System32\msvcrt.dll
[1019/224216.636:ERROR:process_memory_win.cc(73)] ReadMemory at 0x7ffc3c1e0000 of 64 bytes failed: 仅完成部分的 ReadProcessMemory 或 WriteProcessMemory 请求。 (0x12B)
[1019/224216.636:WARNING:pe_image_reader.cc(340)] could not read dos header from C:\WINDOWS\System32\bcryptPrimitives.dll
[1019/224216.636:ERROR:process_memory_win.cc(73)] ReadMemory at 0x7ffc3d5e0000 of 64 bytes failed: 仅完成部分的 ReadProcessMemory 或 WriteProcessMemory 请求。 (0x12B)
[1019/224216.636:WARNING:pe_image_reader.cc(340)] could not read dos header from C:\WINDOWS\System32\ADVAPI32.dll
[1019/224216.636:ERROR:process_memory_win.cc(73)] ReadMemory at 0x7ffc3d420000 of 64 bytes failed: 仅完成部分的 ReadProcessMemory 或 WriteProcessMemory 请求。 (0x12B)
[1019/224216.636:WARNING:pe_image_reader.cc(340)] could not read dos header from C:\WINDOWS\System32\sechost.dll
[1019/224216.636:ERROR:process_memory_win.cc(73)] ReadMemory at 0x7ffc3d4c0000 of 64 bytes failed: 仅完成部分的 ReadProcessMemory 或 WriteProcessMemory 请求。 (0x12B)
[1019/224216.636:WARNING:pe_image_reader.cc(340)] could not read dos header from C:\WINDOWS\System32\RPCRT4.dll
[1019/224216.636:ERROR:process_memory_win.cc(73)] ReadMemory at 0x7ffbeb7f0000 of 64 bytes failed: 仅完成部分的 ReadProcessMemory 或 WriteProcessMemory 请求。 (0x12B)
[1019/224216.636:WARNING:pe_image_reader.cc(340)] could not read dos header from C:\Program Files (x86)\Google\Chrome\Application\77.0.3865.120\chrome_child.dll
[1019/224216.636:ERROR:process_memory_win.cc(73)] ReadMemory at 0x7ffc3d6f0000 of 64 bytes failed: 仅完成部分的 ReadProcessMemory 或 WriteProcessMemory 请求。 (0x12B)
[1019/224216.636:WARNING:pe_image_reader.cc(340)] could not read dos header from C:\WINDOWS\System32\OLEAUT32.dll
[1019/224216.636:ERROR:process_memory_win.cc(73)] ReadMemory at 0x7ffc3cb20000 of 64 bytes failed: 仅完成部分的 ReadProcessMemory 或 WriteProcessMemory 请求。 (0x12B)
[1019/224216.636:WARNING:pe_image_reader.cc(340)] could not read dos header from C:\WINDOWS\System32\msvcp_win.dll
[1019/224216.636:ERROR:process_memory_win.cc(73)] ReadMemory at 0x7ffc3bf20000 of 64 bytes failed: 仅完成部分的 ReadProcessMemory 或 WriteProcessMemory 请求。 (0x12B)
[1019/224216.636:WARNING:pe_image_reader.cc(340)] could not read dos header from C:\WINDOWS\System32\ucrtbase.dll
[1019/224216.636:ERROR:process_memory_win.cc(73)] ReadMemory at 0x7ffc3db00000 of 64 bytes failed: 仅完成部分的 ReadProcessMemory 或 WriteProcessMemory 请求。 (0x12B)
[1019/224216.636:WARNING:pe_image_reader.cc(340)] could not read dos header from C:\WINDOWS\System32\combase.dll
[1019/224216.636:ERROR:process_memory_win.cc(73)] ReadMemory at 0x7ffc3ea10000 of 64 bytes failed: 仅完成部分的 ReadProcessMemory 或 WriteProcessMemory 请求。 (0x12B)
[1019/224216.636:WARNING:pe_image_reader.cc(340)] could not read dos header from C:\WINDOWS\System32\WS2_32.dll
[1019/224216.636:ERROR:process_memory_win.cc(73)] ReadMemory at 0x7ffc3d2b0000 of 64 bytes failed: 仅完成部分的 ReadProcessMemory 或 WriteProcessMemory 请求。 (0x12B)
[1019/224216.636:WARNING:pe_image_reader.cc(340)] could not read dos header from C:\WINDOWS\System32\GDI32.dll
[1019/224216.636:ERROR:process_memory_win.cc(73)] ReadMemory at 0x7ffc3cbc0000 of 64 bytes failed: 仅完成部分的 ReadProcessMemory 或 WriteProcessMemory 请求。 (0x12B)
[1019/224216.636:WARNING:pe_image_reader.cc(340)] could not read dos header from C:\WINDOWS\System32\win32u.dll
[1019/224216.636:ERROR:process_memory_win.cc(73)] ReadMemory at 0x7ffc3c020000 of 64 bytes failed: 仅完成部分的 ReadProcessMemory 或 WriteProcessMemory 请求。 (0x12B)
[1019/224216.636:WARNING:pe_image_reader.cc(340)] could not read dos header from C:\WINDOWS\System32\gdi32full.dll
[1019/224216.636:ERROR:process_memory_win.cc(73)] ReadMemory at 0x7ffc3d7c0000 of 64 bytes failed: 仅完成部分的 ReadProcessMemory 或 WriteProcessMemory 请求。 (0x12B)
[1019/224216.636:WARNING:pe_image_reader.cc(340)] could not read dos header from C:\WINDOWS\System32\USER32.dll
[1019/224216.636:ERROR:process_memory_win.cc(73)] ReadMemory at 0x7ffc3c260000 of 64 bytes failed: 仅完成部分的 ReadProcessMemory 或 WriteProcessMemory 请求。 (0x12B)
[1019/224216.636:WARNING:pe_image_reader.cc(340)] could not read dos header from C:\WINDOWS\System32\WINTRUST.dll
[1019/224216.636:ERROR:process_memory_win.cc(73)] ReadMemory at 0x7ffc3ba20000 of 64 bytes failed: 仅完成部分的 ReadProcessMemory 或 WriteProcessMemory 请求。 (0x12B)
[1019/224216.636:WARNING:pe_image_reader.cc(340)] could not read dos header from C:\WINDOWS\System32\MSASN1.dll
[1019/224216.636:ERROR:process_memory_win.cc(73)] ReadMemory at 0x7ffc3bb20000 of 64 bytes failed: 仅完成部分的 ReadProcessMemory 或 WriteProcessMemory 请求。 (0x12B)
[1019/224216.636:WARNING:pe_image_reader.cc(340)] could not read dos header from C:\WINDOWS\System32\CRYPT32.dll
[1019/224216.636:ERROR:process_memory_win.cc(73)] ReadMemory at 0x7ffc3a8b0000 of 64 bytes failed: 仅完成部分的 ReadProcessMemory 或 WriteProcessMemory 请求。 (0x12B)
[1019/224216.636:WARNING:pe_image_reader.cc(340)] could not read dos header from C:\WINDOWS\SYSTEM32\IPHLPAPI.DLL
[1019/224216.636:ERROR:process_memory_win.cc(73)] ReadMemory at 0x7ffc38d80000 of 64 bytes failed: 仅完成部分的 ReadProcessMemory 或 WriteProcessMemory 请求。 (0x12B)
[1019/224216.636:WARNING:pe_image_reader.cc(340)] could not read dos header from C:\WINDOWS\SYSTEM32\WINMM.dll
[1019/224216.636:ERROR:process_memory_win.cc(73)] ReadMemory at 0x7ffc3b930000 of 64 bytes failed: 仅完成部分的 ReadProcessMemory 或 WriteProcessMemory 请求。 (0x12B)
[1019/224216.636:WARNING:pe_image_reader.cc(340)] could not read dos header from C:\WINDOWS\SYSTEM32\USERENV.dll
[1019/224216.636:ERROR:process_memory_win.cc(73)] ReadMemory at 0x7ffc3ba40000 of 64 bytes failed: 仅完成部分的 ReadProcessMemory 或 WriteProcessMemory 请求。 (0x12B)
[1019/224216.636:WARNING:pe_image_reader.cc(340)] could not read dos header from C:\WINDOWS\System32\profapi.dll
[1019/224216.636:ERROR:process_memory_win.cc(73)] ReadMemory at 0x7ffc27ec0000 of 64 bytes failed: 仅完成部分的 ReadProcessMemory 或 WriteProcessMemory 请求。 (0x12B)
[1019/224216.636:WARNING:pe_image_reader.cc(340)] could not read dos header from C:\WINDOWS\SYSTEM32\DWrite.dll
[1019/224216.636:ERROR:process_memory_win.cc(73)] ReadMemory at 0x7ffc30770000 of 64 bytes failed: 仅完成部分的 ReadProcessMemory 或 WriteProcessMemory 请求。 (0x12B)
[1019/224216.636:WARNING:pe_image_reader.cc(340)] could not read dos header from C:\WINDOWS\SYSTEM32\WINSPOOL.DRV
[1019/224216.636:ERROR:process_memory_win.cc(73)] ReadMemory at 0x7ffc3ba60000 of 64 bytes failed: 仅完成部分的 ReadProcessMemory 或 WriteProcessMemory 请求。 (0x12B)
[1019/224216.636:WARNING:pe_image_reader.cc(340)] could not read dos header from C:\WINDOWS\System32\kernel.appcore.dll
[1019/224216.636:ERROR:process_memory_win.cc(73)] ReadMemory at 0x7ffc3caf0000 of 64 bytes failed: 仅完成部分的 ReadProcessMemory 或 WriteProcessMemory 请求。 (0x12B)
[1019/224216.636:WARNING:pe_image_reader.cc(340)] could not read dos header from C:\WINDOWS\System32\bcrypt.dll
[1019/224216.636:ERROR:process_memory_win.cc(73)] ReadMemory at 0x7ffc3b4d0000 of 64 bytes failed: 仅完成部分的 ReadProcessMemory 或 WriteProcessMemory 请求。 (0x12B)
[1019/224216.636:WARNING:pe_image_reader.cc(340)] could not read dos header from C:\WINDOWS\SYSTEM32\dbghelp.dll
[1019/224216.636:ERROR:process_memory_win.cc(73)] ReadMemory at 0x7ffc32020000 of 64 bytes failed: 仅完成部分的 ReadProcessMemory 或 WriteProcessMemory 请求。 (0x12B)
[1019/224216.636:WARNING:pe_image_reader.cc(340)] could not read dos header from C:\WINDOWS\SYSTEM32\WINHTTP.dll
[1019/224216.636:ERROR:process_memory_win.cc(73)] ReadMemory at 0x7ffc24a20000 of 64 bytes failed: 仅完成部分的 ReadProcessMemory 或 WriteProcessMemory 请求。 (0x12B)
[1019/224216.636:WARNING:pe_image_reader.cc(340)] could not read dos header from C:\WINDOWS\SYSTEM32\Secur32.dll
[1019/224216.636:ERROR:process_memory_win.cc(73)] ReadMemory at 0x7ffc2e270000 of 64 bytes failed: 仅完成部分的 ReadProcessMemory 或 WriteProcessMemory 请求。 (0x12B)
[1019/224216.636:WARNING:pe_image_reader.cc(340)] could not read dos header from C:\WINDOWS\SYSTEM32\dhcpcsvc.DLL
[1019/224216.636:ERROR:process_memory_win.cc(73)] ReadMemory at 0x7ffc3d2a0000 of 64 bytes failed: 仅完成部分的 ReadProcessMemory 或 WriteProcessMemory 请求。 (0x12B)
[1019/224216.636:WARNING:pe_image_reader.cc(340)] could not read dos header from C:\WINDOWS\System32\NSI.dll
[1019/224216.636:ERROR:process_memory_win.cc(73)] ReadMemory at 0x7ffc38c50000 of 64 bytes failed: 仅完成部分的 ReadProcessMemory 或 WriteProcessMemory 请求。 (0x12B)
[1019/224216.636:WARNING:pe_image_reader.cc(340)] could not read dos header from C:\WINDOWS\SYSTEM32\WINMMBASE.dll
[1019/224216.636:ERROR:process_memory_win.cc(73)] ReadMemory at 0x7ffc3bad0000 of 64 bytes failed: 仅完成部分的 ReadProcessMemory 或 WriteProcessMemory 请求。 (0x12B)
[1019/224216.636:WARNING:pe_image_reader.cc(340)] could not read dos header from C:\WINDOWS\System32\cfgmgr32.dll
[1019/224216.651:ERROR:process_memory_win.cc(73)] ReadMemory at 0x7ffc373b0000 of 64 bytes failed: 仅完成部分的 ReadProcessMemory 或 WriteProcessMemory 请求。 (0x12B)
[1019/224216.651:WARNING:pe_image_reader.cc(340)] could not read dos header from C:\WINDOWS\SYSTEM32\PROPSYS.dll
[1019/224216.651:ERROR:process_memory_win.cc(73)] ReadMemory at 0x7ffc3d1f0000 of 64 bytes failed: 仅完成部分的 ReadProcessMemory 或 WriteProcessMemory 请求。 (0x12B)
[1019/224216.651:WARNING:pe_image_reader.cc(340)] could not read dos header from C:\WINDOWS\System32\shcore.dll
[1019/224216.651:ERROR:process_memory_win.cc(73)] ReadMemory at 0x7ffc3b900000 of 64 bytes failed: 仅完成部分的 ReadProcessMemory 或 WriteProcessMemory 请求。 (0x12B)
[1019/224216.651:WARNING:pe_image_reader.cc(340)] could not read dos header from C:\WINDOWS\SYSTEM32\SSPICLI.DLL
[1019/224216.651:ERROR:process_memory_win.cc(73)] ReadMemory at 0x7ffc3d690000 of 64 bytes failed: 仅完成部分的 ReadProcessMemory 或 WriteProcessMemory 请求。 (0x12B)
[1019/224216.651:WARNING:pe_image_reader.cc(340)] could not read dos header from C:\WINDOWS\System32\IMM32.DLL
[1019/224216.651:ERROR:process_memory_win.cc(73)] ReadMemory at 0x7ffc3ad70000 of 64 bytes failed: 仅完成部分的 ReadProcessMemory 或 WriteProcessMemory 请求。 (0x12B)
[1019/224216.651:WARNING:pe_image_reader.cc(340)] could not read dos header from C:\WINDOWS\SYSTEM32\CRYPTBASE.DLL
[1019/224216.667:ERROR:process_memory_win.cc(73)] ReadMemory at 0x1743fea000 of 90112 bytes failed: 仅完成部分的 ReadProcessMemory 或 WriteProcessMemory 请求。 (0x12B)
[1019/224216.667:ERROR:process_memory_win.cc(73)] ReadMemory at 0x17447fd000 of 12288 bytes failed: 仅完成部分的 ReadProcessMemory 或 WriteProcessMemory 请求。 (0x12B)
[1019/224216.667:ERROR:process_memory_win.cc(73)] ReadMemory at 0x17457fc000 of 16384 bytes failed: 仅完成部分的 ReadProcessMemory 或 WriteProcessMemory 请求。 (0x12B)
[1019/224216.667:ERROR:process_memory_win.cc(73)] ReadMemory at 0x1745ffc000 of 16384 bytes failed: 仅完成部分的 ReadProcessMemory 或 WriteProcessMemory 请求。 (0x12B)
[1019/224216.667:ERROR:process_memory_win.cc(73)] ReadMemory at 0x17467fe000 of 8192 bytes failed: 仅完成部分的 ReadProcessMemory 或 WriteProcessMemory 请求。 (0x12B)
[1019/224216.667:ERROR:process_memory_win.cc(73)] ReadMemory at 0x1746ffd000 of 12288 bytes failed: 仅完成部分的 ReadProcessMemory 或 WriteProcessMemory 请求。 (0x12B)
[1019/224216.667:ERROR:process_memory_win.cc(73)] ReadMemory at 0x17477fb000 of 20480 bytes failed: 仅完成部分的 ReadProcessMemory 或 WriteProcessMemory 请求。 (0x12B)
[1019/224216.667:ERROR:process_memory_win.cc(73)] ReadMemory at 0x17487f4000 of 49152 bytes failed: 仅完成部分的 ReadProcessMemory 或 WriteProcessMemory 请求。 (0x12B)
[1019/224216.667:ERROR:process_memory_win.cc(73)] ReadMemory at 0x1748ff5000 of 45056 bytes failed: 仅完成部分的 ReadProcessMemory 或 WriteProcessMemory 请求。 (0x12B)
[1019/224216.667:ERROR:process_memory_win.cc(73)] ReadMemory at 0x17497fd000 of 12288 bytes failed: 仅完成部分的 ReadProcessMemory 或 WriteProcessMemory 请求。 (0x12B)
[1019/224216.667:ERROR:process_memory_win.cc(73)] ReadMemory at 0x174a7f9000 of 28672 bytes failed: 仅完成部分的 ReadProcessMemory 或 WriteProcessMemory 请求。 (0x12B)
[1019/224216.667:ERROR:process_memory_win.cc(73)] ReadMemory at 0x174aff9000 of 28672 bytes failed: 仅完成部分的 ReadProcessMemory 或 WriteProcessMemory 请求。 (0x12B)
[1019/224216.667:ERROR:process_memory_win.cc(73)] ReadMemory at 0x1744ffd000 of 12288 bytes failed: 仅完成部分的 ReadProcessMemory 或 WriteProcessMemory 请求。 (0x12B)
[1019/224216.667:ERROR:process_memory_win.cc(73)] ReadMemory at 0x1747ffd000 of 12288 bytes failed: 仅完成部分的 ReadProcessMemory 或 WriteProcessMemory 请求。 (0x12B)
[1019/224216.667:ERROR:process_memory_win.cc(73)] ReadMemory at 0x174360e000 of 6024 bytes failed: 仅完成部分的 ReadProcessMemory 或 WriteProcessMemory 请求。 (0x12B)
[1019/224216.667:ERROR:process_memory_win.cc(73)] ReadMemory at 0x1743612000 of 6024 bytes failed: 仅完成部分的 ReadProcessMemory 或 WriteProcessMemory 请求。 (0x12B)
[1019/224216.667:ERROR:process_memory_win.cc(73)] ReadMemory at 0x174375d000 of 852 bytes failed: 仅完成部分的 ReadProcessMemory 或 WriteProcessMemory 请求。 (0x12B)
[1019/224216.667:ERROR:process_memory_win.cc(73)] ReadMemory at 0x174375e000 of 6024 bytes failed: 仅完成部分的 ReadProcessMemory 或 WriteProcessMemory 请求。 (0x12B)
[1019/224216.667:ERROR:process_memory_win.cc(73)] ReadMemory at 0x1743760000 of 6024 bytes failed: 仅完成部分的 ReadProcessMemory 或 WriteProcessMemory 请求。 (0x12B)
[1019/224216.667:ERROR:process_memory_win.cc(73)] ReadMemory at 0x1743764000 of 6024 bytes failed: 仅完成部分的 ReadProcessMemory 或 WriteProcessMemory 请求。 (0x12B)
[1019/224216.667:ERROR:process_memory_win.cc(73)] ReadMemory at 0x1743766000 of 6024 bytes failed: 仅完成部分的 ReadProcessMemory 或 WriteProcessMemory 请求。 (0x12B)
[1019/224216.667:ERROR:process_memory_win.cc(73)] ReadMemory at 0x1743768000 of 6024 bytes failed: 仅完成部分的 ReadProcessMemory 或 WriteProcessMemory 请求。 (0x12B)
[1019/224216.667:ERROR:process_memory_win.cc(73)] ReadMemory at 0x174376a000 of 6024 bytes failed: 仅完成部分的 ReadProcessMemory 或 WriteProcessMemory 请求。 (0x12B)
[1019/224216.667:ERROR:process_memory_win.cc(73)] ReadMemory at 0x174376c000 of 6024 bytes failed: 仅完成部分的 ReadProcessMemory 或 WriteProcessMemory 请求。 (0x12B)
[1019/224216.667:ERROR:process_memory_win.cc(73)] ReadMemory at 0x1743770000 of 6024 bytes failed: 仅完成部分的 ReadProcessMemory 或 WriteProcessMemory 请求。 (0x12B)
[1019/224216.667:ERROR:process_memory_win.cc(73)] ReadMemory at 0x1743772000 of 6024 bytes failed: 仅完成部分的 ReadProcessMemory 或 WriteProcessMemory 请求。 (0x12B)
[1019/224216.667:ERROR:process_memory_win.cc(73)] ReadMemory at 0x1743774000 of 6024 bytes failed: 仅完成部分的 ReadProcessMemory 或 WriteProcessMemory 请求。 (0x12B)
[1019/224216.667:ERROR:process_memory_win.cc(73)] ReadMemory at 0x1743782000 of 6024 bytes failed: 仅完成部分的 ReadProcessMemory 或 WriteProcessMemory 请求。 (0x12B)
[1019/224216.667:ERROR:process_memory_win.cc(73)] ReadMemory at 0x1743784000 of 6024 bytes failed: 仅完成部分的 ReadProcessMemory 或 WriteProcessMemory 请求。 (0x12B)
[1019/224216.667:ERROR:process_memory_win.cc(73)] ReadMemory at 0x14de6180fe0 of 4040 bytes failed: 仅完成部分的 ReadProcessMemory 或 WriteProcessMemory 请求。 (0x12B)
[1019/224216.667:ERROR:process_memory_win.cc(73)] ReadMemory at 0x14de6181fb0 of 1012 bytes failed: 仅完成部分的 ReadProcessMemory 或 WriteProcessMemory 请求。 (0x12B)
[1019/224216.667:ERROR:process_memory_win.cc(73)] ReadMemory at 0x14de61825f8 of 118 bytes failed: 仅完成部分的 ReadProcessMemory 或 WriteProcessMemory 请求。 (0x12B)
[1019/224216.667:ERROR:process_memory_win.cc(73)] ReadMemory at 0x14de6182670 of 860 bytes failed: 仅完成部分的 ReadProcessMemory 或 WriteProcessMemory 请求。 (0x12B)
[1019/224216.667:ERROR:process_memory_win.cc(73)] ReadMemory at 0x14de61829ce of 118 bytes failed: 仅完成部分的 ReadProcessMemory 或 WriteProcessMemory 请求。 (0x12B)
[1019/224216.667:ERROR:process_memory_win.cc(73)] ReadMemory at 0x14de6182a46 of 102 bytes failed: 仅完成部分的 ReadProcessMemory 或 WriteProcessMemory 请求。 (0x12B)
[1019/224216.667:ERROR:process_memory_win.cc(73)] ReadMemory at 0x14de6182ac0 of 58 bytes failed: 仅完成部分的 ReadProcessMemory 或 WriteProcessMemory 请求。 (0x12B)
[1019/224216.667:ERROR:process_memory_win.cc(73)] ReadMemory at 0x14de6182bc0 of 132 bytes failed: 仅完成部分的 ReadProcessMemory 或 WriteProcessMemory 请求。 (0x12B)
[1019/224216.667:ERROR:process_memory_win.cc(73)] ReadMemory at 0x14de6182d50 of 132 bytes failed: 仅完成部分的 ReadProcessMemory 或 WriteProcessMemory 请求。 (0x12B)
[1019/224216.667:ERROR:process_memory_win.cc(73)] ReadMemory at 0x14de6182f10 of 126 bytes failed: 仅完成部分的 ReadProcessMemory 或 WriteProcessMemory 请求。 (0x12B)
[1019/224216.667:ERROR:process_memory_win.cc(73)] ReadMemory at 0x14de61832f0 of 132 bytes failed: 仅完成部分的 ReadProcessMemory 或 WriteProcessMemory 请求。 (0x12B)
[1019/224216.667:ERROR:process_memory_win.cc(73)] ReadMemory at 0x14de6183480 of 64 bytes failed: 仅完成部分的 ReadProcessMemory 或 WriteProcessMemory 请求。 (0x12B)
[1019/224216.667:ERROR:process_memory_win.cc(73)] ReadMemory at 0x14de6183640 of 132 bytes failed: 仅完成部分的 ReadProcessMemory 或 WriteProcessMemory 请求。 (0x12B)
[1019/224216.667:ERROR:process_memory_win.cc(73)] ReadMemory at 0x14de61838e0 of 132 bytes failed: 仅完成部分的 ReadProcessMemory 或 WriteProcessMemory 请求。 (0x12B)
[1019/224216.667:ERROR:process_memory_win.cc(73)] ReadMemory at 0x14de6183a70 of 68 bytes failed: 仅完成部分的 ReadProcessMemory 或 WriteProcessMemory 请求。 (0x12B)
[1019/224216.667:ERROR:process_memory_win.cc(73)] ReadMemory at 0x14de6184a30 of 158 bytes failed: 仅完成部分的 ReadProcessMemory 或 WriteProcessMemory 请求。 (0x12B)
[1019/224216.667:ERROR:process_memory_win.cc(73)] ReadMemory at 0x14de6184b10 of 132 bytes failed: 仅完成部分的 ReadProcessMemory 或 WriteProcessMemory 请求。 (0x12B)
[1019/224216.667:ERROR:process_memory_win.cc(73)] ReadMemory at 0x14de6184ca0 of 154 bytes failed: 仅完成部分的 ReadProcessMemory 或 WriteProcessMemory 请求。 (0x12B)
[1019/224216.667:ERROR:process_memory_win.cc(73)] ReadMemory at 0x14de6185a70 of 62 bytes failed: 仅完成部分的 ReadProcessMemory 或 WriteProcessMemory 请求。 (0x12B)
[1019/224216.667:ERROR:process_memory_win.cc(73)] ReadMemory at 0x14de6185ac0 of 132 bytes failed: 仅完成部分的 ReadProcessMemory 或 WriteProcessMemory 请求。 (0x12B)
[1019/224216.667:ERROR:process_memory_win.cc(73)] ReadMemory at 0x14de6185c60 of 60 bytes failed: 仅完成部分的 ReadProcessMemory 或 WriteProcessMemory 请求。 (0x12B)
[1019/224216.667:ERROR:process_memory_win.cc(73)] ReadMemory at 0x14de6186210 of 132 bytes failed: 仅完成部分的 ReadProcessMemory 或 WriteProcessMemory 请求。 (0x12B)
[1019/224216.667:ERROR:process_memory_win.cc(73)] ReadMemory at 0x14de61864dc of 512 bytes failed: 仅完成部分的 ReadProcessMemory 或 WriteProcessMemory 请求。 (0x12B)
[1019/224216.667:ERROR:process_memory_win.cc(73)] ReadMemory at 0x14de6187100 of 132 bytes failed: 仅完成部分的 ReadProcessMemory 或 WriteProcessMemory 请求。 (0x12B)
[1019/224216.667:ERROR:process_memory_win.cc(73)] ReadMemory at 0x14de6187450 of 132 bytes failed: 仅完成部分的 ReadProcessMemory 或 WriteProcessMemory 请求。 (0x12B)
[1019/224216.667:ERROR:process_memory_win.cc(73)] ReadMemory at 0x14de6187660 of 132 bytes failed: 仅完成部分的 ReadProcessMemory 或 WriteProcessMemory 请求。 (0x12B)
[1019/224216.667:ERROR:process_memory_win.cc(73)] ReadMemory at 0x14de61877f0 of 80 bytes failed: 仅完成部分的 ReadProcessMemory 或 WriteProcessMemory 请求。 (0x12B)
[1019/224216.667:ERROR:process_memory_win.cc(73)] ReadMemory at 0x14de6189d60 of 58 bytes failed: 仅完成部分的 ReadProcessMemory 或 WriteProcessMemory 请求。 (0x12B)
[1019/224216.667:ERROR:process_memory_win.cc(73)] ReadMemory at 0x14de6189db0 of 60 bytes failed: 仅完成部分的 ReadProcessMemory 或 WriteProcessMemory 请求。 (0x12B)
[1019/224216.667:ERROR:process_memory_win.cc(73)] ReadMemory at 0x14de6189e50 of 64 bytes failed: 仅完成部分的 ReadProcessMemory 或 WriteProcessMemory 请求。 (0x12B)
[1019/224216.667:ERROR:process_memory_win.cc(73)] ReadMemory at 0x14de6189f90 of 62 bytes failed: 仅完成部分的 ReadProcessMemory 或 WriteProcessMemory 请求。 (0x12B)
[1019/224216.667:ERROR:process_memory_win.cc(73)] ReadMemory at 0x14de618a1c0 of 62 bytes failed: 仅完成部分的 ReadProcessMemory 或 WriteProcessMemory 请求。 (0x12B)
[1019/224216.667:ERROR:process_memory_win.cc(73)] ReadMemory at 0x14de618a210 of 64 bytes failed: 仅完成部分的 ReadProcessMemory 或 WriteProcessMemory 请求。 (0x12B)
[1019/224216.667:ERROR:process_memory_win.cc(73)] ReadMemory at 0x14de618a260 of 60 bytes failed: 仅完成部分的 ReadProcessMemory 或 WriteProcessMemory 请求。 (0x12B)
[1019/224216.667:ERROR:process_memory_win.cc(73)] ReadMemory at 0x14de618a3a0 of 64 bytes failed: 仅完成部分的 ReadProcessMemory 或 WriteProcessMemory 请求。 (0x12B)
[1019/224216.667:ERROR:process_memory_win.cc(73)] ReadMemory at 0x14de618a3f0 of 66 bytes failed: 仅完成部分的 ReadProcessMemory 或 WriteProcessMemory 请求。 (0x12B)
[1019/224216.667:ERROR:process_memory_win.cc(73)] ReadMemory at 0x14de618aa60 of 132 bytes failed: 仅完成部分的 ReadProcessMemory 或 WriteProcessMemory 请求。 (0x12B)
[1019/224216.667:ERROR:process_memory_win.cc(73)] ReadMemory at 0x14de618ab90 of 132 bytes failed: 仅完成部分的 ReadProcessMemory 或 WriteProcessMemory 请求。 (0x12B)
[1019/224216.667:ERROR:process_memory_win.cc(73)] ReadMemory at 0x14de618acc0 of 132 bytes failed: 仅完成部分的 ReadProcessMemory 或 WriteProcessMemory 请求。 (0x12B)
[1019/224216.667:ERROR:process_memory_win.cc(73)] ReadMemory at 0x14de618adf0 of 132 bytes failed: 仅完成部分的 ReadProcessMemory 或 WriteProcessMemory 请求。 (0x12B)
[1019/224216.667:ERROR:process_memory_win.cc(73)] ReadMemory at 0x14de618af20 of 132 bytes failed: 仅完成部分的 ReadProcessMemory 或 WriteProcessMemory 请求。 (0x12B)
[1019/224216.667:ERROR:process_memory_win.cc(73)] ReadMemory at 0x14de618b050 of 132 bytes failed: 仅完成部分的 ReadProcessMemory 或 WriteProcessMemory 请求。 (0x12B)
[1019/224216.667:ERROR:process_memory_win.cc(73)] ReadMemory at 0x14de618b180 of 132 bytes failed: 仅完成部分的 ReadProcessMemory 或 WriteProcessMemory 请求。 (0x12B)
[1019/224216.667:ERROR:process_memory_win.cc(73)] ReadMemory at 0x14de618b2b0 of 132 bytes failed: 仅完成部分的 ReadProcessMemory 或 WriteProcessMemory 请求。 (0x12B)
[1019/224216.667:ERROR:process_memory_win.cc(73)] ReadMemory at 0x14de618b3e0 of 132 bytes failed: 仅完成部分的 ReadProcessMemory 或 WriteProcessMemory 请求。 (0x12B)
[1019/224216.667:ERROR:process_memory_win.cc(73)] ReadMemory at 0x14de618b510 of 132 bytes failed: 仅完成部分的 ReadProcessMemory 或 WriteProcessMemory 请求。 (0x12B)
[1019/224216.667:ERROR:process_memory_win.cc(73)] ReadMemory at 0x14de618b770 of 132 bytes failed: 仅完成部分的 ReadProcessMemory 或 WriteProcessMemory 请求。 (0x12B)
[1019/224216.667:ERROR:process_memory_win.cc(73)] ReadMemory at 0x14de618b8a0 of 132 bytes failed: 仅完成部分的 ReadProcessMemory 或 WriteProcessMemory 请求。 (0x12B)
[1019/224216.667:ERROR:process_memory_win.cc(73)] ReadMemory at 0x14de618c140 of 512 bytes failed: 仅完成部分的 ReadProcessMemory 或 WriteProcessMemory 请求。 (0x12B)
[1019/224216.667:ERROR:process_memory_win.cc(73)] ReadMemory at 0x14de618d8b0 of 132 bytes failed: 仅完成部分的 ReadProcessMemory 或 WriteProcessMemory 请求。 (0x12B)
[1019/224216.667:ERROR:process_memory_win.cc(73)] ReadMemory at 0x14de618e0b0 of 54 bytes failed: 仅完成部分的 ReadProcessMemory 或 WriteProcessMemory 请求。 (0x12B)
[1019/224216.667:ERROR:process_memory_win.cc(73)] ReadMemory at 0x14de618f1c0 of 132 bytes failed: 仅完成部分的 ReadProcessMemory 或 WriteProcessMemory 请求。 (0x12B)
[1019/224216.667:ERROR:process_memory_win.cc(73)] ReadMemory at 0x14de6190af0 of 132 bytes failed: 仅完成部分的 ReadProcessMemory 或 WriteProcessMemory 请求。 (0x12B)
[1019/224216.667:ERROR:process_memory_win.cc(73)] ReadMemory at 0x14de6190c20 of 132 bytes failed: 仅完成部分的 ReadProcessMemory 或 WriteProcessMemory 请求。 (0x12B)
[1019/224216.667:ERROR:process_memory_win.cc(73)] ReadMemory at 0x14de6190f00 of 132 bytes failed: 仅完成部分的 ReadProcessMemory 或 WriteProcessMemory 请求。 (0x12B)
[1019/224216.667:ERROR:process_memory_win.cc(73)] ReadMemory at 0x14de6193da0 of 132 bytes failed: 仅完成部分的 ReadProcessMemory 或 WriteProcessMemory 请求。 (0x12B)
[1019/224216.667:ERROR:process_memory_win.cc(73)] ReadMemory at 0x14de6194020 of 60 bytes failed: 仅完成部分的 ReadProcessMemory 或 WriteProcessMemory 请求。 (0x12B)
[1019/224216.667:ERROR:process_memory_win.cc(73)] ReadMemory at 0x14de6194070 of 58 bytes failed: 仅完成部分的 ReadProcessMemory 或 WriteProcessMemory 请求。 (0x12B)
[1019/224216.667:ERROR:process_memory_win.cc(73)] ReadMemory at 0x14de61940c0 of 64 bytes failed: 仅完成部分的 ReadProcessMemory 或 WriteProcessMemory 请求。 (0x12B)
[1019/224216.667:ERROR:process_memory_win.cc(73)] ReadMemory at 0x14de6194110 of 64 bytes failed: 仅完成部分的 ReadProcessMemory 或 WriteProcessMemory 请求。 (0x12B)
[1019/224216.667:ERROR:process_memory_win.cc(73)] ReadMemory at 0x14de61941b0 of 62 bytes failed: 仅完成部分的 ReadProcessMemory 或 WriteProcessMemory 请求。 (0x12B)
[1019/224216.667:ERROR:process_memory_win.cc(73)] ReadMemory at 0x14de61942a0 of 60 bytes failed: 仅完成部分的 ReadProcessMemory 或 WriteProcessMemory 请求。 (0x12B)
[1019/224216.667:ERROR:process_memory_win.cc(73)] ReadMemory at 0x14de61942f0 of 60 bytes failed: 仅完成部分的 ReadProcessMemory 或 WriteProcessMemory 请求。 (0x12B)
[1019/224216.667:ERROR:process_memory_win.cc(73)] ReadMemory at 0x14de6194340 of 60 bytes failed: 仅完成部分的 ReadProcessMemory 或 WriteProcessMemory 请求。 (0x12B)
[1019/224216.667:ERROR:process_memory_win.cc(73)] ReadMemory at 0x14de61944d0 of 66 bytes failed: 仅完成部分的 ReadProcessMemory 或 WriteProcessMemory 请求。 (0x12B)
[1019/224216.667:ERROR:process_memory_win.cc(73)] ReadMemory at 0x14de6194570 of 62 bytes failed: 仅完成部分的 ReadProcessMemory 或 WriteProcessMemory 请求。 (0x12B)
[1019/224216.667:ERROR:process_memory_win.cc(73)] ReadMemory at 0x14de61947f0 of 62 bytes failed: 仅完成部分的 ReadProcessMemory 或 WriteProcessMemory 请求。 (0x12B)
[1019/224216.667:ERROR:process_memory_win.cc(73)] ReadMemory at 0x14de6194890 of 64 bytes failed: 仅完成部分的 ReadProcessMemory 或 WriteProcessMemory 请求。 (0x12B)
[1019/224216.667:ERROR:process_memory_win.cc(73)] ReadMemory at 0x14de61948e0 of 58 bytes failed: 仅完成部分的 ReadProcessMemory 或 WriteProcessMemory 请求。 (0x12B)
[1019/224216.667:ERROR:process_memory_win.cc(73)] ReadMemory at 0x14de61949d0 of 64 bytes failed: 仅完成部分的 ReadProcessMemory 或 WriteProcessMemory 请求。 (0x12B)
[1019/224216.667:ERROR:process_memory_win.cc(73)] ReadMemory at 0x14de6194ac0 of 60 bytes failed: 仅完成部分的 ReadProcessMemory 或 WriteProcessMemory 请求。 (0x12B)
[1019/224216.667:ERROR:process_memory_win.cc(73)] ReadMemory at 0x14de6194b10 of 62 bytes failed: 仅完成部分的 ReadProcessMemory 或 WriteProcessMemory 请求。 (0x12B)
[1019/224216.667:ERROR:process_memory_win.cc(73)] ReadMemory at 0x14de6194b60 of 62 bytes failed: 仅完成部分的 ReadProcessMemory 或 WriteProcessMemory 请求。 (0x12B)
[1019/224216.667:ERROR:process_memory_win.cc(73)] ReadMemory at 0x14de6194bb0 of 60 bytes failed: 仅完成部分的 ReadProcessMemory 或 WriteProcessMemory 请求。 (0x12B)
[1019/224216.667:ERROR:process_memory_win.cc(73)] ReadMemory at 0x14de6194c50 of 62 bytes failed: 仅完成部分的 ReadProcessMemory 或 WriteProcessMemory 请求。 (0x12B)
[1019/224216.667:ERROR:process_memory_win.cc(73)] ReadMemory at 0x14de6194ca0 of 64 bytes failed: 仅完成部分的 ReadProcessMemory 或 WriteProcessMemory 请求。 (0x12B)
[1019/224216.667:ERROR:process_memory_win.cc(73)] ReadMemory at 0x14de6194d90 of 62 bytes failed: 仅完成部分的 ReadProcessMemory 或 WriteProcessMemory 请求。 (0x12B)
[1019/224216.667:ERROR:process_memory_win.cc(73)] ReadMemory at 0x14de6194f20 of 62 bytes failed: 仅完成部分的 ReadProcessMemory 或 WriteProcessMemory 请求。 (0x12B)
[1019/224216.667:ERROR:process_memory_win.cc(73)] ReadMemory at 0x14de6194f70 of 66 bytes failed: 仅完成部分的 ReadProcessMemory 或 WriteProcessMemory 请求。 (0x12B)
[1019/224216.667:ERROR:process_memory_win.cc(73)] ReadMemory at 0x14de6195450 of 76 bytes failed: 仅完成部分的 ReadProcessMemory 或 WriteProcessMemory 请求。 (0x12B)
[1019/224216.667:ERROR:process_memory_win.cc(73)] ReadMemory at 0x14de61962a0 of 132 bytes failed: 仅完成部分的 ReadProcessMemory 或 WriteProcessMemory 请求。 (0x12B)
[1019/224216.667:ERROR:process_memory_win.cc(73)] ReadMemory at 0x14de61963d0 of 132 bytes failed: 仅完成部分的 ReadProcessMemory 或 WriteProcessMemory 请求。 (0x12B)
[1019/224216.667:ERROR:process_memory_win.cc(73)] ReadMemory at 0x14de6196500 of 132 bytes failed: 仅完成部分的 ReadProcessMemory 或 WriteProcessMemory 请求。 (0x12B)
[1019/224216.667:ERROR:process_memory_win.cc(73)] ReadMemory at 0x14de6196760 of 132 bytes failed: 仅完成部分的 ReadProcessMemory 或 WriteProcessMemory 请求。 (0x12B)
[1019/224216.667:ERROR:process_memory_win.cc(73)] ReadMemory at 0x14de6196890 of 132 bytes failed: 仅完成部分的 ReadProcessMemory 或 WriteProcessMemory 请求。 (0x12B)
[1019/224216.667:ERROR:process_memory_win.cc(73)] ReadMemory at 0x14de61969c0 of 132 bytes failed: 仅完成部分的 ReadProcessMemory 或 WriteProcessMemory 请求。 (0x12B)
[1019/224216.667:ERROR:process_memory_win.cc(73)] ReadMemory at 0x14de6196af0 of 132 bytes failed: 仅完成部分的 ReadProcessMemory 或 WriteProcessMemory 请求。 (0x12B)
[1019/224216.683:ERROR:process_memory_win.cc(73)] ReadMemory at 0x14de6196c20 of 132 bytes failed: 仅完成部分的 ReadProcessMemory 或 WriteProcessMemory 请求。 (0x12B)
[1019/224216.683:ERROR:process_memory_win.cc(73)] ReadMemory at 0x14de6196d50 of 132 bytes failed: 仅完成部分的 ReadProcessMemory 或 WriteProcessMemory 请求。 (0x12B)
[1019/224216.683:ERROR:process_memory_win.cc(73)] ReadMemory at 0x14de6196fb0 of 132 bytes failed: 仅完成部分的 ReadProcessMemory 或 WriteProcessMemory 请求。 (0x12B)
[1019/224216.683:ERROR:process_memory_win.cc(73)] ReadMemory at 0x14de61970e0 of 132 bytes failed: 仅完成部分的 ReadProcessMemory 或 WriteProcessMemory 请求。 (0x12B)
[1019/224216.683:ERROR:process_memory_win.cc(73)] ReadMemory at 0x14de6197210 of 132 bytes failed: 仅完成部分的 ReadProcessMemory 或 WriteProcessMemory 请求。 (0x12B)
[1019/224216.683:ERROR:process_memory_win.cc(73)] ReadMemory at 0x14de6197340 of 132 bytes failed: 仅完成部分的 ReadProcessMemory 或 WriteProcessMemory 请求。 (0x12B)
[1019/224216.683:ERROR:process_memory_win.cc(73)] ReadMemory at 0x14de6197470 of 132 bytes failed: 仅完成部分的 ReadProcessMemory 或 WriteProcessMemory 请求。 (0x12B)
[1019/224216.683:ERROR:process_memory_win.cc(73)] ReadMemory at 0x14de61ada10 of 512 bytes failed: 仅完成部分的 ReadProcessMemory 或 WriteProcessMemory 请求。 (0x12B)
[1019/224216.683:ERROR:process_memory_win.cc(73)] ReadMemory at 0x14de63822c0 of 512 bytes failed: 仅完成部分的 ReadProcessMemory 或 WriteProcessMemory 请求。 (0x12B)
[1019/224216.683:ERROR:process_memory_win.cc(73)] ReadMemory at 0x14de6787410 of 512 bytes failed: 仅完成部分的 ReadProcessMemory 或 WriteProcessMemory 请求。 (0x12B)
[1019/224216.683:ERROR:process_memory_win.cc(73)] ReadMemory at 0x14de6795e80 of 512 bytes failed: 仅完成部分的 ReadProcessMemory 或 WriteProcessMemory 请求。 (0x12B)
[1019/224216.683:ERROR:process_memory_win.cc(73)] ReadMemory at 0x14de67b80d0 of 712 bytes failed: 仅完成部分的 ReadProcessMemory 或 WriteProcessMemory 请求。 (0x12B)
[1019/224216.683:ERROR:process_memory_win.cc(73)] ReadMemory at 0x14de67d2e78 of 512 bytes failed: 仅完成部分的 ReadProcessMemory 或 WriteProcessMemory 请求。 (0x12B)
[1019/224216.683:ERROR:process_memory_win.cc(73)] ReadMemory at 0x14de67d3778 of 512 bytes failed: 仅完成部分的 ReadProcessMemory 或 WriteProcessMemory 请求。 (0x12B)
[1019/224216.683:ERROR:process_memory_win.cc(73)] ReadMemory at 0x14de67d4348 of 512 bytes failed: 仅完成部分的 ReadProcessMemory 或 WriteProcessMemory 请求。 (0x12B)
[1019/224216.683:ERROR:process_memory_win.cc(73)] ReadMemory at 0x14de68a0000 of 384 bytes failed: 仅完成部分的 ReadProcessMemory 或 WriteProcessMemory 请求。 (0x12B)
[1019/224216.683:ERROR:process_memory_win.cc(73)] ReadMemory at 0x14de8598d20 of 512 bytes failed: 仅完成部分的 ReadProcessMemory 或 WriteProcessMemory 请求。 (0x12B)
[1019/224216.683:ERROR:process_memory_win.cc(73)] ReadMemory at 0x14de8b93880 of 512 bytes failed: 仅完成部分的 ReadProcessMemory 或 WriteProcessMemory 请求。 (0x12B)
[1019/224216.683:ERROR:process_memory_win.cc(73)] ReadMemory at 0x14de8c5a6d8 of 512 bytes failed: 仅完成部分的 ReadProcessMemory 或 WriteProcessMemory 请求。 (0x12B)
[1019/224216.683:ERROR:process_memory_win.cc(73)] ReadMemory at 0x14de911ff50 of 512 bytes failed: 仅完成部分的 ReadProcessMemory 或 WriteProcessMemory 请求。 (0x12B)
[1019/224216.683:ERROR:process_memory_win.cc(73)] ReadMemory at 0x14de94c3bf0 of 512 bytes failed: 仅完成部分的 ReadProcessMemory 或 WriteProcessMemory 请求。 (0x12B)
[1019/224216.683:ERROR:process_memory_win.cc(73)] ReadMemory at 0x14de95be3e0 of 512 bytes failed: 仅完成部分的 ReadProcessMemory 或 WriteProcessMemory 请求。 (0x12B)
[1019/224216.683:ERROR:process_memory_win.cc(73)] ReadMemory at 0x4e64ca62a480 of 512 bytes failed: 仅完成部分的 ReadProcessMemory 或 WriteProcessMemory 请求。 (0x12B)
[1019/224216.683:ERROR:process_memory_win.cc(73)] ReadMemory at 0x7ffbeb7f8c68 of 512 bytes failed: 仅完成部分的 ReadProcessMemory 或 WriteProcessMemory 请求。 (0x12B)
[1019/224216.683:ERROR:process_memory_win.cc(73)] ReadMemory at 0x7ffbeb822153 of 512 bytes failed: 仅完成部分的 ReadProcessMemory 或 WriteProcessMemory 请求。 (0x12B)
[1019/224216.683:ERROR:process_memory_win.cc(73)] ReadMemory at 0x7ffbeb822732 of 512 bytes failed: 仅完成部分的 ReadProcessMemory 或 WriteProcessMemory 请求。 (0x12B)
[1019/224216.683:ERROR:process_memory_win.cc(73)] ReadMemory at 0x7ffbed226b5c of 512 bytes failed: 仅完成部分的 ReadProcessMemory 或 WriteProcessMemory 请求。 (0x12B)
[1019/224216.683:ERROR:process_memory_win.cc(73)] ReadMemory at 0x7ffc3bcaa7b9 of 512 bytes failed: 仅完成部分的 ReadProcessMemory 或 WriteProcessMemory 请求。 (0x12B)
[1019/224216.683:ERROR:process_memory_win.cc(73)] ReadMemory at 0x7ffc3bedb6d0 of 512 bytes failed: 仅完成部分的 ReadProcessMemory 或 WriteProcessMemory 请求。 (0x12B)
[1019/224216.683:ERROR:process_memory_win.cc(73)] ReadMemory at 0x7ffc3cc11f80 of 512 bytes failed: 仅完成部分的 ReadProcessMemory 或 WriteProcessMemory 请求。 (0x12B)
[1019/224216.683:ERROR:process_memory_win.cc(73)] ReadMemory at 0x7ffc3ebdc0d4 of 672 bytes failed: 仅完成部分的 ReadProcessMemory 或 WriteProcessMemory 请求。 (0x12B)
[1019/224216.683:ERROR:process_memory_win.cc(73)] ReadMemory at 0x7ffc3ebdc6d4 of 512 bytes failed: 仅完成部分的 ReadProcessMemory 或 WriteProcessMemory 请求。 (0x12B)
[1019/224216.683:ERROR:process_memory_win.cc(73)] ReadMemory at 0x7ffc3ebdf984 of 608 bytes failed: 仅完成部分的 ReadProcessMemory 或 WriteProcessMemory 请求。 (0x12B)
[1019/224216.683:ERROR:process_memory_win.cc(73)] ReadMemory at 0x7ffc3ec6c428 of 18 bytes failed: 仅完成部分的 ReadProcessMemory 或 WriteProcessMemory 请求。 (0x12B)
[1019/224216.683:ERROR:process_memory_win.cc(73)] ReadMemory at 0x7ffc3ec9f4f8 of 40 bytes failed: 仅完成部分的 ReadProcessMemory 或 WriteProcessMemory 请求。 (0x12B)
[1019/224216.683:ERROR:process_memory_win.cc(73)] ReadMemory at 0x7ffc3ec9f978 of 48 bytes failed: 仅完成部分的 ReadProcessMemory 或 WriteProcessMemory 请求。 (0x12B)
[1019/224216.683:ERROR:process_memory_win.cc(73)] ReadMemory at 0x7ffc3eca53c0 of 64 bytes failed: 仅完成部分的 ReadProcessMemory 或 WriteProcessMemory 请求。 (0x12B)
[1019/224216.683:ERROR:scoped_process_suspend.cc(40)] NtResumeProcess: 已尝试访问正在退出的过程。 (0xc000010a)
[1019/224216.729:ERROR:http_transport_win.cc(276)] WinHttpSendRequest: 操作成功完成。 (0x0)
